[debug] [2021-07-13T05:53:15.584Z] ----------------------------------------------------------------------
[debug] [2021-07-13T05:53:15.587Z] Command:       C:\Program Files\nodejs\node.exe C:\Users\Admin\AppData\Roaming\npm\node_modules\firebase-tools\lib\bin\firebase.js init hosting:github
[debug] [2021-07-13T05:53:15.588Z] CLI Version:   9.16.0
[debug] [2021-07-13T05:53:15.588Z] Platform:      win32
[debug] [2021-07-13T05:53:15.588Z] Node Version:  v14.17.3
[debug] [2021-07-13T05:53:15.590Z] Time:          Tue Jul 13 2021 15:53:15 GMT+1000 (Australian Eastern Standard Time)
[debug] [2021-07-13T05:53:15.590Z] ----------------------------------------------------------------------
[debug] 
[debug] [2021-07-13T05:53:15.684Z] > command requires scopes: ["email","openid","https://www.googleapis.com/auth/cloudplatformprojects.readonly","https://www.googleapis.com/auth/firebase","https://www.googleapis.com/auth/cloud-platform"]
[debug] [2021-07-13T05:53:15.685Z] > authorizing via signed-in user (corey1057105@gmail.com)
[info] 
     ######## #### ########  ######## ########     ###     ######  ########
     ##        ##  ##     ## ##       ##     ##  ##   ##  ##       ##
     ######    ##  ########  ######   ########  #########  ######  ######
     ##        ##  ##    ##  ##       ##     ## ##     ##       ## ##
     ##       #### ##     ## ######## ########  ##     ##  ######  ########

You're about to initialize a Firebase project in this directory:

  C:\Users\Admin\brain-time

Before we get started, keep in mind:

  * You are initializing within an existing Firebase project directory

[info] 
=== Project Setup
[info] 
[info] First, let's associate this project directory with a Firebase project.
[info] You can create multiple project aliases by running firebase use --add, 
[info] but for now we'll just set up a default project.
[info] 
[info] i  .firebaserc already has a default project, using braintime1314967. 
[debug] [2021-07-13T05:53:26.173Z] >>> [apiv2][query] GET https://firebase.googleapis.com/v1beta1/projects/braintime1314967 [none]
[debug] [2021-07-13T05:53:26.713Z] <<< [apiv2][status] GET https://firebase.googleapis.com/v1beta1/projects/braintime1314967 200
[debug] [2021-07-13T05:53:26.713Z] <<< [apiv2][body] GET https://firebase.googleapis.com/v1beta1/projects/braintime1314967 {"projectId":"braintime1314967","projectNumber":"974815090484","displayName":"brain-time","name":"projects/braintime1314967","resources":{"hostingSite":"braintime1314967"},"state":"ACTIVE"}
[info] 
=== Hosting:github Setup
[info] 
[info] i  Detected a .git folder at C:\Users\Admin\brain-time 
[info] i  Authorizing with GitHub to upload your service account to a GitHub repository's secrets store. 
[info] 
[info] Visit this URL on this device to log in:
[info] https://github.com/login/oauth/authorize?client_id=89cf50f02ac6aaed3484&state=590915870&redirect_uri=http%3A%2F%2Flocalhost%3A9005&scope=read%3Auser%20repo%20public_repo
[info] 
[info] Waiting for authentication...
[debug] [2021-07-13T05:53:27.765Z] >>> HTTP REQUEST POST https://github.com/login/oauth/access_token  
 {"client_id":"89cf50f02ac6aaed3484","client_secret":"3330d14abc895d9a74d5f17cd7a00711fa2c5bf0","code":"1db8cb52463b054cd2eb","redirect_uri":"http://localhost:9005","state":"590915870"}
[debug] [2021-07-13T05:53:28.092Z] <<< HTTP RESPONSE 200 {"server":"GitHub.com","date":"Tue, 13 Jul 2021 05:53:32 GMT","content-type":"application/json; charset=utf-8","transfer-encoding":"chunked","vary":"X-PJAX, Accept-Encoding, Accept, X-Requested-With","permissions-policy":"interest-cohort=()","etag":"W/\"0ccfdad464ffa141c850289ae48a22fa\"","cache-control":"max-age=0, private, must-revalidate","strict-transport-security":"max-age=31536000; includeSubdomains; preload","x-frame-options":"deny","x-content-type-options":"nosniff","x-xss-protection":"0","referrer-policy":"origin-when-cross-origin, strict-origin-when-cross-origin","expect-ct":"max-age=2592000, report-uri=\"https://api.github.com/_private/browser/errors\"","content-security-policy":"default-src 'none'; base-uri 'self'; block-all-mixed-content; connect-src 'self' uploads.github.com www.githubstatus.com collector.githubapp.com api.github.com github-cloud.s3.amazonaws.com github-production-repository-file-5c1aeb.s3.amazonaws.com github-production-upload-manifest-file-7fdce7.s3.amazonaws.com github-production-user-asset-6210df.s3.amazonaws.com cdn.optimizely.com logx.optimizely.com/v1/events translator.github.com wss://alive.github.com; font-src github.githubassets.com; form-action 'self' github.com gist.github.com; frame-ancestors 'none'; frame-src render.githubusercontent.com render-temp.githubusercontent.com viewscreen.githubusercontent.com; img-src 'self' data: github.githubassets.com identicons.github.com collector.githubapp.com github-cloud.s3.amazonaws.com secured-user-images.githubusercontent.com/ *.githubusercontent.com; manifest-src 'self'; media-src 'none'; script-src github.githubassets.com; style-src 'unsafe-inline' github.githubassets.com; worker-src github.com/socket-worker-3f088aa2.js gist.github.com/socket-worker-3f088aa2.js","x-github-request-id":"D16C:379C:5D7C71:690013:60ED2A5C"}
[debug] [2021-07-13T05:53:28.099Z] >>> [apiv2][query] GET https://api.github.com/user [none]
[debug] [2021-07-13T05:53:28.457Z] <<< [apiv2][status] GET https://api.github.com/user 200
[debug] [2021-07-13T05:53:28.457Z] <<< [apiv2][body] GET https://api.github.com/user {"login":"Corlio5994","id":70762822,"node_id":"MDQ6VXNlcjcwNzYyODIy","avatar_url":"https://avatars.githubusercontent.com/u/70762822?v=4","gravatar_id":"","url":"https://api.github.com/users/Corlio5994","html_url":"https://github.com/Corlio5994","followers_url":"https://api.github.com/users/Corlio5994/followers","following_url":"https://api.github.com/users/Corlio5994/following{/other_user}","gists_url":"https://api.github.com/users/Corlio5994/gists{/gist_id}","starred_url":"https://api.github.com/users/Corlio5994/starred{/owner}{/repo}","subscriptions_url":"https://api.github.com/users/Corlio5994/subscriptions","organizations_url":"https://api.github.com/users/Corlio5994/orgs","repos_url":"https://api.github.com/users/Corlio5994/repos","events_url":"https://api.github.com/users/Corlio5994/events{/privacy}","received_events_url":"https://api.github.com/users/Corlio5994/received_events","type":"User","site_admin":false,"name":null,"company":null,"blog":"","location":null,"email":null,"hireable":null,"bio":null,"twitter_username":null,"public_repos":3,"public_gists":0,"followers":1,"following":1,"created_at":"2020-09-04T14:00:32Z","updated_at":"2021-07-13T05:17:01Z","private_gists":0,"total_private_repos":0,"owned_private_repos":0,"disk_usage":19,"collaborators":0,"two_factor_authentication":false,"plan":{"name":"pro","space":976562499,"collaborators":0,"private_repos":9999}}
[info] 
[info] +  Success! Logged into GitHub as Corlio5994 
[info] 
